<?xml version="1.0" encoding="UTF-8"?>
<!-- Generated by org.testng.reporters.JUnitReportReporter -->
<testsuite skipped="0" hostname="LAPTOP-S1LVCJIH" name="com.TestCases.Tc_01_ValidateSigin" tests="1" failures="0" timestamp="18 Jun 2019 02:12:03 GMT" time="38.923" errors="0">
  <testcase name="Tc_01_ValidateSigin" time="38.923" classname="com.TestCases.Tc_01_ValidateSigin"/>
</testsuite> <!-- com.TestCases.Tc_01_ValidateSigin -->
