<?xml version="1.0" encoding="UTF-8"?>
<!-- Generated by org.testng.reporters.JUnitReportReporter -->
<testsuite skipped="0" hostname="LAPTOP-S1LVCJIH" name="com.TestNGAnnotations.Annotations" tests="4" failures="0" timestamp="11 Jun 2019 01:47:03 GMT" time="0.019" errors="0">
  <testcase name="Tc_03" time="0.002" classname="com.TestNGAnnotations.Annotations"/>
  <testcase name="Tc_01" time="0.007" classname="com.TestNGAnnotations.Annotations"/>
  <testcase name="Tc_04" time="0.002" classname="com.TestNGAnnotations.Annotations"/>
  <testcase name="Tc_02" time="0.008" classname="com.TestNGAnnotations.Annotations"/>
</testsuite> <!-- com.TestNGAnnotations.Annotations -->
