<?xml version="1.0" encoding="UTF-8"?>
<!-- Generated by org.testng.reporters.JUnitReportReporter -->
<testsuite skipped="0" hostname="LAPTOP-S1LVCJIH" name="com.TestCases.Tc_02_RegisterNewUser" tests="1" failures="0" timestamp="20 Jun 2019 01:22:34 GMT" time="22.944" errors="0">
  <testcase name="Tc_01_ValidateSigin" time="22.944" classname="com.TestCases.Tc_02_RegisterNewUser"/>
</testsuite> <!-- com.TestCases.Tc_02_RegisterNewUser -->
