<?xml version="1.0" encoding="UTF-8"?>
<!-- Generated by org.testng.reporters.JUnitReportReporter -->
<testsuite skipped="0" hostname="LAPTOP-S1LVCJIH" name="com.TestCases.Tc_02_PlaceOrder" tests="2" failures="0" timestamp="11 Jun 2019 02:04:17 GMT" time="0.012" errors="0">
  <testcase name="Tc_02_PlaceOrder" time="0.003" classname="com.TestCases.Tc_02_PlaceOrder"/>
  <testcase name="Tc_02_PlaceOrder" time="0.009" classname="com.TestCases.Tc_02_PlaceOrder"/>
</testsuite> <!-- com.TestCases.Tc_02_PlaceOrder -->
