<?xml version="1.0" encoding="UTF-8"?>
<!-- Generated by org.testng.reporters.JUnitReportReporter -->
<testsuite skipped="0" hostname="LAPTOP-S1LVCJIH" name="com.TestCases.Tc_01_TestReport" tests="1" failures="0" timestamp="14 Jun 2019 16:12:25 GMT" time="0.008" errors="0">
  <testcase name="doTest" time="0.008" classname="com.TestCases.Tc_01_TestReport"/>
</testsuite> <!-- com.TestCases.Tc_01_TestReport -->
