<?xml version="1.0" encoding="UTF-8"?>
<!-- Generated by org.testng.reporters.JUnitReportReporter -->
<testsuite skipped="0" hostname="LAPTOP-S1LVCJIH" name="com.TestCases.Tc_03_ReviewTestCase" tests="2" failures="0" timestamp="11 Jun 2019 02:04:17 GMT" time="0.005" errors="0">
  <testcase name="Tc_03_ReviewTestCase" time="0.004" classname="com.TestCases.Tc_03_ReviewTestCase"/>
  <testcase name="Tc_03_ReviewTestCase" time="0.001" classname="com.TestCases.Tc_03_ReviewTestCase"/>
</testsuite> <!-- com.TestCases.Tc_03_ReviewTestCase -->
