<?xml version="1.0" encoding="UTF-8"?>
<!-- Generated by org.testng.reporters.JUnitReportReporter -->
<testsuite skipped="0" hostname="LAPTOP-S1LVCJIH" name="com.TestCases.Tc_02_RegisterNewUser" tests="1" failures="0" timestamp="17 Jun 2019 17:09:21 GMT" time="21.383" errors="0">
  <testcase name="Tc_01_ValidateSigin" time="21.383" classname="com.TestCases.Tc_02_RegisterNewUser"/>
</testsuite> <!-- com.TestCases.Tc_02_RegisterNewUser -->
