<?xml version="1.0" encoding="UTF-8"?>
<!-- Generated by org.testng.reporters.JUnitReportReporter -->
<testsuite skipped="0" hostname="LAPTOP-S1LVCJIH" name="com.TestCases.Tc_01_UserRegistration" tests="3" failures="0" timestamp="11 Jun 2019 02:17:45 GMT" time="0.015" errors="0">
  <testcase name="D" time="0.011" classname="com.TestCases.Tc_01_UserRegistration"/>
  <testcase name="E" time="0.003" classname="com.TestCases.Tc_01_UserRegistration"/>
  <testcase name="A" time="0.001" classname="com.TestCases.Tc_01_UserRegistration"/>
</testsuite> <!-- com.TestCases.Tc_01_UserRegistration -->
