<?xml version="1.0" encoding="UTF-8"?>
<!-- Generated by org.testng.reporters.JUnitReportReporter -->
<testsuite skipped="0" hostname="LAPTOP-S1LVCJIH" name="com.TestCases.Tc_01_ValidateLoginCredentials" tests="1" failures="0" timestamp="06 Dec 2018 01:26:38 GMT" time="42.530" errors="0">
  <testcase name="Tc_01_ValidateLoginCredentials" time="42.530" classname="com.TestCases.Tc_01_ValidateLoginCredentials"/>
</testsuite> <!-- com.TestCases.Tc_01_ValidateLoginCredentials -->
